{"/home/ana/dev/entrevista_wolox/ts_app/.stryker-tmp/sandbox6473962/app/api/controller.ts": {"path":"/home/ana/dev/entrevista_wolox/ts_app/.stryker-tmp/sandbox6473962/app/api/controller.ts","statementMap":{"0":{"start":{"line":5,"column":0},"end":{"line":5,"column":16}},"1":{"start":{"line":6,"column":4},"end":{"line":17,"column":null}},"2":{"start":{"line":6,"column":45},"end":{"line":17,"column":null}},"3":{"start":{"line":8,"column":27},"end":{"line":8,"column":null}},"4":{"start":{"line":8,"column":18},"end":{"line":8,"column":null}},"5":{"start":{"line":9,"column":12},"end":{"line":9,"column":null}},"6":{"start":{"line":13,"column":12},"end":{"line":13,"column":33}},"7":{"start":{"line":14,"column":12},"end":{"line":14,"column":28}},"8":{"start":{"line":15,"column":12},"end":{"line":15,"column":null}}},"fnMap":{"0":{"name":"respond","decl":{"start":{"line":5,"column":16},"end":{"line":5,"column":23}},"loc":{"start":{"line":5,"column":52},"end":{"line":18,"column":1}}},"1":{"name":"(anonymous_13)","decl":{"start":{"line":6,"column":11},"end":{"line":6,"column":18}},"loc":{"start":{"line":6,"column":45},"end":{"line":17,"column":null}}},"2":{"name":"(anonymous_14)","decl":{"start":{"line":6,"column":45},"end":{"line":6,"column":null}},"loc":{"start":{"line":6,"column":45},"end":{"line":17,"column":null}}}},"branchMap":{},"s":{"0":3,"1":2,"2":2,"3":2,"4":2,"5":2,"6":0,"7":0,"8":0},"f":{"0":2,"1":2,"2":2},"b":{}}
,"/home/ana/dev/entrevista_wolox/ts_app/app/server.ts": {"path":"/home/ana/dev/entrevista_wolox/ts_app/app/server.ts","statementMap":{"0":{"start":{"line":1,"column":0},"end":{"line":1,"column":35}},"1":{"start":{"line":2,"column":0},"end":{"line":2,"column":42}},"2":{"start":{"line":3,"column":0},"end":{"line":3,"column":36}},"3":{"start":{"line":6,"column":13},"end":{"line":16,"column":2}},"4":{"start":{"line":7,"column":16},"end":{"line":7,"column":25}},"5":{"start":{"line":9,"column":4},"end":{"line":9,"column":39}},"6":{"start":{"line":10,"column":4},"end":{"line":10,"column":60}},"7":{"start":{"line":11,"column":4},"end":{"line":11,"column":30}},"8":{"start":{"line":13,"column":4},"end":{"line":15,"column":7}},"9":{"start":{"line":14,"column":8},"end":{"line":14,"column":null}}},"fnMap":{"0":{"name":"(anonymous_0)","decl":{"start":{"line":6,"column":20},"end":{"line":6,"column":21}},"loc":{"start":{"line":6,"column":25},"end":{"line":16,"column":1}}},"1":{"name":"(anonymous_1)","decl":{"start":{"line":13,"column":28},"end":{"line":13,"column":null}},"loc":{"start":{"line":13,"column":28},"end":{"line":15,"column":5}}}},"branchMap":{},"s":{"0":1,"1":1,"2":1,"3":1,"4":2,"5":2,"6":2,"7":2,"8":2,"9":2},"f":{"0":2,"1":2},"b":{}}
,"/home/ana/dev/entrevista_wolox/ts_app/app/api/routes.ts": {"path":"/home/ana/dev/entrevista_wolox/ts_app/app/api/routes.ts","statementMap":{"0":{"start":{"line":1,"column":0},"end":{"line":1,"column":31}},"1":{"start":{"line":2,"column":0},"end":{"line":2,"column":46}},"2":{"start":{"line":11,"column":19},"end":{"line":11,"column":27}},"3":{"start":{"line":13,"column":4},"end":{"line":13,"column":38}},"4":{"start":{"line":19,"column":4},"end":{"line":19,"column":18}},"5":{"start":{"line":10,"column":0},"end":{"line":10,"column":16}}},"fnMap":{"0":{"name":"routes","decl":{"start":{"line":10,"column":16},"end":{"line":10,"column":22}},"loc":{"start":{"line":10,"column":22},"end":{"line":20,"column":1}}}},"branchMap":{},"s":{"0":1,"1":1,"2":2,"3":2,"4":2,"5":1},"f":{"0":2},"b":{}}
,"/home/ana/dev/entrevista_wolox/ts_app/app/api/users/users.client.ts": {"path":"/home/ana/dev/entrevista_wolox/ts_app/app/api/users/users.client.ts","statementMap":{"0":{"start":{"line":1,"column":0},"end":{"line":1,"column":50}},"1":{"start":{"line":2,"column":0},"end":{"line":2,"column":25}},"2":{"start":{"line":3,"column":0},"end":{"line":3,"column":44}},"3":{"start":{"line":6,"column":15},"end":{"line":6,"column":41}},"4":{"start":{"line":8,"column":13},"end":{"line":10,"column":2}},"5":{"start":{"line":9,"column":4},"end":{"line":9,"column":null}},"6":{"start":{"line":12,"column":13},"end":{"line":14,"column":2}},"7":{"start":{"line":13,"column":4},"end":{"line":13,"column":null}}},"fnMap":{"0":{"name":"(anonymous_0)","decl":{"start":{"line":8,"column":23},"end":{"line":8,"column":24}},"loc":{"start":{"line":8,"column":30},"end":{"line":10,"column":1}}},"1":{"name":"(anonymous_1)","decl":{"start":{"line":12,"column":24},"end":{"line":12,"column":null}},"loc":{"start":{"line":12,"column":24},"end":{"line":14,"column":1}}}},"branchMap":{},"s":{"0":2,"1":2,"2":2,"3":2,"4":2,"5":1,"6":2,"7":1},"f":{"0":1,"1":1},"b":{}}
,"/home/ana/dev/entrevista_wolox/ts_app/app/api/users/users.controller.ts": {"path":"/home/ana/dev/entrevista_wolox/ts_app/app/api/users/users.controller.ts","statementMap":{"0":{"start":{"line":3,"column":0},"end":{"line":3,"column":43}},"1":{"start":{"line":6,"column":13},"end":{"line":7,"column":12}},"2":{"start":{"line":7,"column":4},"end":{"line":7,"column":12}},"3":{"start":{"line":9,"column":13},"end":{"line":10,"column":34}},"4":{"start":{"line":10,"column":4},"end":{"line":10,"column":34}}},"fnMap":{"0":{"name":"(anonymous_0)","decl":{"start":{"line":6,"column":58},"end":{"line":6,"column":59}},"loc":{"start":{"line":6,"column":71},"end":{"line":7,"column":9}}},"1":{"name":"(anonymous_1)","decl":{"start":{"line":9,"column":55},"end":{"line":9,"column":56}},"loc":{"start":{"line":9,"column":68},"end":{"line":10,"column":8}}}},"branchMap":{},"s":{"0":1,"1":1,"2":1,"3":1,"4":1},"f":{"0":1,"1":1},"b":{}}
,"/home/ana/dev/entrevista_wolox/ts_app/app/api/users/users.router.ts": {"path":"/home/ana/dev/entrevista_wolox/ts_app/app/api/users/users.router.ts","statementMap":{"0":{"start":{"line":1,"column":0},"end":{"line":1,"column":31}},"1":{"start":{"line":2,"column":0},"end":{"line":2,"column":37}},"2":{"start":{"line":3,"column":0},"end":{"line":3,"column":66}},"3":{"start":{"line":5,"column":15},"end":{"line":5,"column":23}},"4":{"start":{"line":7,"column":0},"end":{"line":7,"column":42}},"5":{"start":{"line":8,"column":0},"end":{"line":8,"column":44}},"6":{"start":{"line":10,"column":0},"end":{"line":10,"column":22}}},"fnMap":{},"branchMap":{},"s":{"0":1,"1":1,"2":1,"3":1,"4":1,"5":1,"6":1},"f":{},"b":{}}
,"/home/ana/dev/entrevista_wolox/ts_app/app/api/users/users.service.ts": {"path":"/home/ana/dev/entrevista_wolox/ts_app/app/api/users/users.service.ts","statementMap":{"0":{"start":{"line":1,"column":0},"end":{"line":1,"column":48}},"1":{"start":{"line":5,"column":13},"end":{"line":9,"column":2}},"2":{"start":{"line":5,"column":21},"end":{"line":9,"column":2}},"3":{"start":{"line":6,"column":26},"end":{"line":6,"column":null}},"4":{"start":{"line":6,"column":10},"end":{"line":6,"column":null}},"5":{"start":{"line":7,"column":4},"end":{"line":7,"column":null}},"6":{"start":{"line":11,"column":13},"end":{"line":18,"column":2}},"7":{"start":{"line":11,"column":40},"end":{"line":18,"column":2}},"8":{"start":{"line":12,"column":8},"end":{"line":12,"column":14}},"9":{"start":{"line":13,"column":27},"end":{"line":13,"column":null}},"10":{"start":{"line":13,"column":14},"end":{"line":13,"column":null}},"11":{"start":{"line":14,"column":8},"end":{"line":14,"column":20}},"12":{"start":{"line":16,"column":8},"end":{"line":16,"column":null}}},"fnMap":{"0":{"name":"(anonymous_12)","decl":{"start":{"line":5,"column":21},"end":{"line":5,"column":null}},"loc":{"start":{"line":5,"column":21},"end":{"line":9,"column":2}}},"1":{"name":"(anonymous_15)","decl":{"start":{"line":11,"column":20},"end":{"line":11,"column":27}},"loc":{"start":{"line":11,"column":40},"end":{"line":18,"column":2}}},"2":{"name":"(anonymous_16)","decl":{"start":{"line":11,"column":40},"end":{"line":11,"column":null}},"loc":{"start":{"line":11,"column":40},"end":{"line":18,"column":2}}}},"branchMap":{"0":{"loc":{"start":{"line":6,"column":26},"end":{"line":6,"column":null}},"type":"switch","locations":[{"start":{"line":6,"column":26},"end":{"line":6,"column":null}}]},"1":{"loc":{"start":{"line":16,"column":8},"end":{"line":16,"column":null}},"type":"switch","locations":[{"start":{"line":16,"column":8},"end":{"line":16,"column":null}}]},"2":{"loc":{"start":{"line":12,"column":8},"end":{"line":12,"column":14}},"type":"if","locations":[{"start":{"line":12,"column":8},"end":{"line":12,"column":14}},{"start":{"line":12,"column":8},"end":{"line":12,"column":14}}]}},"s":{"0":4,"1":2,"2":2,"3":2,"4":2,"5":2,"6":2,"7":1,"8":1,"9":1,"10":1,"11":1,"12":0},"f":{"0":4,"1":1,"2":1},"b":{"0":[2],"1":[0],"2":[0,1]}}
,"/home/ana/dev/entrevista_wolox/ts_app/app/utils/config.ts": {"path":"/home/ana/dev/entrevista_wolox/ts_app/app/utils/config.ts","statementMap":{"0":{"start":{"line":1,"column":13},"end":{"line":7,"column":2}}},"fnMap":{},"branchMap":{},"s":{"0":2},"f":{},"b":{}}
,"/home/ana/dev/entrevista_wolox/ts_app/app/utils/endpoints.ts": {"path":"/home/ana/dev/entrevista_wolox/ts_app/app/utils/endpoints.ts","statementMap":{"0":{"start":{"line":1,"column":0},"end":{"line":1,"column":32}},"1":{"start":{"line":3,"column":13},"end":{"line":6,"column":2}}},"fnMap":{},"branchMap":{},"s":{"0":2,"1":2},"f":{},"b":{}}
,"/home/ana/dev/entrevista_wolox/ts_app/app/utils/helpers.ts": {"path":"/home/ana/dev/entrevista_wolox/ts_app/app/utils/helpers.ts","statementMap":{"0":{"start":{"line":1,"column":13},"end":{"line":1,"column":35}},"1":{"start":{"line":1,"column":28},"end":{"line":1,"column":35}},"2":{"start":{"line":3,"column":13},"end":{"line":8,"column":2}},"3":{"start":{"line":4,"column":16},"end":{"line":4,"column":20}},"4":{"start":{"line":5,"column":16},"end":{"line":5,"column":21}},"5":{"start":{"line":7,"column":4},"end":{"line":7,"column":57}}},"fnMap":{"0":{"name":"(anonymous_0)","decl":{"start":{"line":1,"column":23},"end":{"line":1,"column":24}},"loc":{"start":{"line":1,"column":24},"end":{"line":1,"column":29}}},"1":{"name":"(anonymous_1)","decl":{"start":{"line":3,"column":29},"end":{"line":3,"column":null}},"loc":{"start":{"line":3,"column":29},"end":{"line":8,"column":1}}}},"branchMap":{},"s":{"0":2,"1":4,"2":2,"3":2,"4":2,"5":2},"f":{"0":4,"1":2},"b":{}}
}
