TN:
SF:/home/ana/dev/entrevista_wolox/ts_app/.stryker-tmp/sandbox6473962/app/api/controller.ts
FN:5,respond
FN:6,(anonymous_13)
FN:6,(anonymous_14)
FNF:3
FNH:3
FNDA:2,respond
FNDA:2,(anonymous_13)
FNDA:2,(anonymous_14)
DA:5,3
DA:6,2
DA:8,2
DA:9,2
DA:13,0
DA:14,0
DA:15,0
LF:7
LH:4
BRF:0
BRH:0
end_of_record
TN:
SF:/home/ana/dev/entrevista_wolox/ts_app/app/server.ts
FN:6,(anonymous_0)
FN:13,(anonymous_1)
FNF:2
FNH:2
FNDA:2,(anonymous_0)
FNDA:2,(anonymous_1)
DA:1,1
DA:2,1
DA:3,1
DA:6,1
DA:7,2
DA:9,2
DA:10,2
DA:11,2
DA:13,2
DA:14,2
LF:10
LH:10
BRF:0
BRH:0
end_of_record
TN:
SF:/home/ana/dev/entrevista_wolox/ts_app/app/api/routes.ts
FN:10,routes
FNF:1
FNH:1
FNDA:2,routes
DA:1,1
DA:2,1
DA:10,1
DA:11,2
DA:13,2
DA:19,2
LF:6
LH:6
BRF:0
BRH:0
end_of_record
TN:
SF:/home/ana/dev/entrevista_wolox/ts_app/app/api/users/users.client.ts
FN:8,(anonymous_0)
FN:12,(anonymous_1)
FNF:2
FNH:2
FNDA:1,(anonymous_0)
FNDA:1,(anonymous_1)
DA:1,2
DA:2,2
DA:3,2
DA:6,2
DA:8,2
DA:9,1
DA:12,2
DA:13,1
LF:8
LH:8
BRF:0
BRH:0
end_of_record
TN:
SF:/home/ana/dev/entrevista_wolox/ts_app/app/api/users/users.controller.ts
FN:6,(anonymous_0)
FN:9,(anonymous_1)
FNF:2
FNH:2
FNDA:1,(anonymous_0)
FNDA:1,(anonymous_1)
DA:3,1
DA:6,1
DA:7,1
DA:9,1
DA:10,1
LF:5
LH:5
BRF:0
BRH:0
end_of_record
TN:
SF:/home/ana/dev/entrevista_wolox/ts_app/app/api/users/users.router.ts
FNF:0
FNH:0
DA:1,1
DA:2,1
DA:3,1
DA:5,1
DA:7,1
DA:8,1
DA:10,1
LF:7
LH:7
BRF:0
BRH:0
end_of_record
TN:
SF:/home/ana/dev/entrevista_wolox/ts_app/app/api/users/users.service.ts
FN:5,(anonymous_12)
FN:11,(anonymous_15)
FN:11,(anonymous_16)
FNF:3
FNH:3
FNDA:4,(anonymous_12)
FNDA:1,(anonymous_15)
FNDA:1,(anonymous_16)
DA:1,4
DA:5,2
DA:6,2
DA:7,2
DA:11,2
DA:12,1
DA:13,1
DA:14,1
DA:16,0
LF:9
LH:8
BRDA:6,0,0,2
BRDA:16,1,0,0
BRDA:12,2,0,0
BRDA:12,2,1,1
BRF:4
BRH:2
end_of_record
TN:
SF:/home/ana/dev/entrevista_wolox/ts_app/app/utils/config.ts
FNF:0
FNH:0
DA:1,2
LF:1
LH:1
BRF:0
BRH:0
end_of_record
TN:
SF:/home/ana/dev/entrevista_wolox/ts_app/app/utils/endpoints.ts
FNF:0
FNH:0
DA:1,2
DA:3,2
LF:2
LH:2
BRF:0
BRH:0
end_of_record
TN:
SF:/home/ana/dev/entrevista_wolox/ts_app/app/utils/helpers.ts
FN:1,(anonymous_0)
FN:3,(anonymous_1)
FNF:2
FNH:2
FNDA:4,(anonymous_0)
FNDA:2,(anonymous_1)
DA:1,4
DA:3,2
DA:4,2
DA:5,2
DA:7,2
LF:5
LH:5
BRF:0
BRH:0
end_of_record
